  Player.cpp
  Spick_Game.cpp
C:\Spic\Spick_Engine\Spick_Engine\Spick_Engine\API_Headers\GameObject.hpp(41,60): warning C4834: discarding return value of function with 'nodiscard' attribute
C:\Spic\Spick_Engine\Spick_Engine\Spick_Engine\API_Headers\Sprite.hpp(16,46): warning C4275: non dll-interface class 'spic::Component' used as base for dll-interface class 'spic::Sprite'
C:\Spic\Spick_Engine\Spick_Engine\Spick_Engine\API_Headers\Component.hpp(15): message : see declaration of 'spic::Component'
C:\Spic\Spick_Engine\Spick_Engine\Spick_Engine\API_Headers\Sprite.hpp(16): message : see declaration of 'spic::Sprite'
C:\Spic\Spick_Engine\Spick_Engine\Spick_Engine\API_Headers\Sprite.hpp(155,21): warning C4251: 'spic::Sprite::sprite': class 'std::basic_string<char,std::char_traits<char>,std::allocator<char>>' needs to have dll-interface to be used by clients of class 'spic::Sprite'
C:\Program Files (x86)\Microsoft Visual Studio\2019\Community\VC\Tools\MSVC\14.29.30037\include\xstring(4905): message : see declaration of 'std::basic_string<char,std::char_traits<char>,std::allocator<char>>'
C:\Spic\Spick_Engine\Spick_Engine\Spick_Engine\API_Headers\Sprite.hpp(156,15): warning C4251: 'spic::Sprite::color': class 'spic::Color' needs to have dll-interface to be used by clients of class 'spic::Sprite'
C:\Spic\Spick_Engine\Spick_Engine\Spick_Engine\API_Headers\Color.hpp(11): message : see declaration of 'spic::Color'
  Generating Code...
     Creating library C:\Spic\Spick_Game\Spick_Game\x64\Debug\Spick_Game.lib and object C:\Spic\Spick_Game\Spick_Game\x64\Debug\Spick_Game.exp
Player.obj : error LNK2019: unresolved external symbol "public: __cdecl spic::Importation::Importation(void)" (??0Importation@spic@@QEAA@XZ) referenced in function "void __cdecl `dynamic initializer for 'input''(void)" (??__Einput@@YAXXZ)
Player.obj : error LNK2019: unresolved external symbol "public: struct spic::Point const __cdecl spic::Importation::MousePosition(void)" (?MousePosition@Importation@spic@@QEAA?BUPoint@2@XZ) referenced in function "public: struct spic::Point const __cdecl Player::checkMousePosition(void)" (?checkMousePosition@Player@@QEAA?BUPoint@spic@@XZ)
Player.obj : error LNK2019: unresolved external symbol "public: bool __cdecl spic::Importation::GetKey(enum spic::KeyCode)" (?GetKey@Importation@spic@@QEAA_NW4KeyCode@2@@Z) referenced in function "public: void __cdecl Player::checkKeys(void)" (?checkKeys@Player@@QEAAXXZ)
Player.obj : error LNK2019: unresolved external symbol "public: bool __cdecl spic::Importation::GetMouseButton(enum spic::MouseButton)" (?GetMouseButton@Importation@spic@@QEAA_NW4MouseButton@2@@Z) referenced in function "public: void __cdecl Player::checkMouseButtons(void)" (?checkMouseButtons@Player@@QEAAXXZ)
Spick_Game.obj : error LNK2019: unresolved external symbol "public: __cdecl spic::GameObject::GameObject(class std::basic_string<char,struct std::char_traits<char>,class std::allocator<char> > const &)" (??0GameObject@spic@@QEAA@AEBV?$basic_string@DU?$char_traits@D@std@@V?$allocator@D@2@@std@@@Z) referenced in function "void __cdecl std::_Construct_in_place<class spic::GameObject,char const (&)[7]>(class spic::GameObject &,char const (&)[7])" (??$_Construct_in_place@VGameObject@spic@@AEAY06$$CBD@std@@YAXAEAVGameObject@spic@@AEAY06$$CBD@Z)
Spick_Game.obj : error LNK2019: unresolved external symbol "public: struct spic::Transform const * __cdecl spic::GameObject::getTransform(void)" (?getTransform@GameObject@spic@@QEAAPEBUTransform@2@XZ) referenced in function main
Spick_Game.obj : error LNK2019: unresolved external symbol "public: __cdecl spic::Scene::Scene(class std::basic_string<char,struct std::char_traits<char>,class std::allocator<char> > const &)" (??0Scene@spic@@QEAA@AEBV?$basic_string@DU?$char_traits@D@std@@V?$allocator@D@2@@std@@@Z) referenced in function "void __cdecl std::_Construct_in_place<class spic::Scene,char const (&)[5]>(class spic::Scene &,char const (&)[5])" (??$_Construct_in_place@VScene@spic@@AEAY04$$CBD@std@@YAXAEAVScene@spic@@AEAY04$$CBD@Z)
Spick_Game.obj : error LNK2019: unresolved external symbol "public: void __cdecl spic::Scene::Render(void)" (?Render@Scene@spic@@QEAAXXZ) referenced in function main
Spick_Game.obj : error LNK2019: unresolved external symbol "public: void __cdecl spic::Scene::AddGameObject(class std::shared_ptr<class spic::GameObject>)" (?AddGameObject@Scene@spic@@QEAAXV?$shared_ptr@VGameObject@spic@@@std@@@Z) referenced in function main
Spick_Game.obj : error LNK2019: unresolved external symbol "public: int __cdecl spic::Scene::CalculateFPS(void)" (?CalculateFPS@Scene@spic@@QEAAHXZ) referenced in function main
Spick_Game.obj : error LNK2019: unresolved external symbol "public: __cdecl spic::Sprite::Sprite(void)" (??0Sprite@spic@@QEAA@XZ) referenced in function "void __cdecl std::_Construct_in_place<class spic::Sprite>(class spic::Sprite &)" (??$_Construct_in_place@VSprite@spic@@$$V@std@@YAXAEAVSprite@spic@@@Z)
Spick_Game.obj : error LNK2001: unresolved external symbol "public: virtual void __cdecl spic::Sprite::OnAwake(void)" (?OnAwake@Sprite@spic@@UEAAXXZ)
Spick_Game.obj : error LNK2001: unresolved external symbol "public: virtual void __cdecl spic::Sprite::OnStart(void)" (?OnStart@Sprite@spic@@UEAAXXZ)
Spick_Game.obj : error LNK2001: unresolved external symbol "public: virtual void __cdecl spic::Sprite::OnUpdate(void)" (?OnUpdate@Sprite@spic@@UEAAXXZ)
Spick_Game.obj : error LNK2001: unresolved external symbol "public: virtual void __cdecl spic::Sprite::OnRender(void)" (?OnRender@Sprite@spic@@UEAAXXZ)
C:\Spic\Spick_Engine\Spick_Engine\Debug\Spick_Engine.lib : warning LNK4272: library machine type 'x86' conflicts with target machine type 'x64'
C:\Spic\Spick_Game\Spick_Game\External Libraries\SDL2\lib\x86\SDL2.lib : warning LNK4272: library machine type 'x86' conflicts with target machine type 'x64'
C:\Spic\Spick_Game\Spick_Game\External Libraries\SDL2\lib\x86\SDL2_image.lib : warning LNK4272: library machine type 'x86' conflicts with target machine type 'x64'
C:\Spic\Spick_Game\Spick_Game\External Libraries\box2d\lib\box2d.lib : warning LNK4272: library machine type 'x86' conflicts with target machine type 'x64'
C:\Spic\Spick_Game\Spick_Game\x64\Debug\Spick_Game.exe : fatal error LNK1120: 15 unresolved externals
