  ChangeSceneBehaviour.cpp
﻿  Level.cpp
C:\Spic\Spick_Engine\Spick_Engine\Spick_Engine\API_Headers\GameObject.hpp(42,60): warning C4834: discarding return value of function with 'nodiscard' attribute
C:\Spic\Spick_Engine\Spick_Engine\Spick_Engine\API_Headers\Camera.hpp(14,47): warning C4275: non dll-interface class 'spic::GameObject' used as base for dll-interface class 'spic::Camera'
C:\Spic\Spick_Engine\Spick_Engine\Spick_Engine\API_Headers\GameObject.hpp(17): message : see declaration of 'spic::GameObject'
C:\Spic\Spick_Engine\Spick_Engine\Spick_Engine\API_Headers\Camera.hpp(14): message : see declaration of 'spic::Camera'
C:\Spic\Spick_Engine\Spick_Engine\Spick_Engine\API_Headers\Camera.hpp(39,21): warning C4251: 'spic::Camera::name': class 'std::basic_string<char,std::char_traits<char>,std::allocator<char>>' needs to have dll-interface to be used by clients of class 'spic::Camera'
C:\Program Files (x86)\Microsoft Visual Studio\2019\Community\VC\Tools\MSVC\14.29.30037\include\xstring(4905): message : see declaration of 'std::basic_string<char,std::char_traits<char>,std::allocator<char>>'
C:\Spic\Spick_Engine\Spick_Engine\Spick_Engine\API_Headers\Camera.hpp(40,15): warning C4251: 'spic::Camera::backgroundColor': class 'spic::Color' needs to have dll-interface to be used by clients of class 'spic::Camera'
C:\Spic\Spick_Engine\Spick_Engine\Spick_Engine\API_Headers\Color.hpp(11): message : see declaration of 'spic::Color'
C:\Spic\Spick_Engine\Spick_Engine\Spick_Engine\API_Headers\Sprite.hpp(17,46): warning C4275: non dll-interface class 'spic::Component' used as base for dll-interface class 'spic::Sprite'
C:\Spic\Spick_Engine\Spick_Engine\Spick_Engine\API_Headers\Component.hpp(15): message : see declaration of 'spic::Component'
C:\Spic\Spick_Engine\Spick_Engine\Spick_Engine\API_Headers\Sprite.hpp(17): message : see declaration of 'spic::Sprite'
C:\Spic\Spick_Engine\Spick_Engine\Spick_Engine\API_Headers\Sprite.hpp(159,21): warning C4251: 'spic::Sprite::sprite': class 'std::basic_string<char,std::char_traits<char>,std::allocator<char>>' needs to have dll-interface to be used by clients of class 'spic::Sprite'
C:\Program Files (x86)\Microsoft Visual Studio\2019\Community\VC\Tools\MSVC\14.29.30037\include\xstring(4905): message : see declaration of 'std::basic_string<char,std::char_traits<char>,std::allocator<char>>'
C:\Spic\Spick_Engine\Spick_Engine\Spick_Engine\API_Headers\Sprite.hpp(160,15): warning C4251: 'spic::Sprite::color': class 'spic::Color' needs to have dll-interface to be used by clients of class 'spic::Sprite'
C:\Spic\Spick_Engine\Spick_Engine\Spick_Engine\API_Headers\Color.hpp(11): message : see declaration of 'spic::Color'
C:\Spic\Spick_Engine\Spick_Engine\Spick_Engine\API_Headers\Sprite.hpp(172,44): warning C4251: 'spic::Sprite::imageFacade': class 'std::unique_ptr<spic::ImageFacade,std::default_delete<spic::ImageFacade>>' needs to have dll-interface to be used by clients of class 'spic::Sprite'
C:\Spic\Spick_Engine\Spick_Engine\Spick_Engine\API_Headers\Sprite.hpp(172): message : see declaration of 'std::unique_ptr<spic::ImageFacade,std::default_delete<spic::ImageFacade>>'
  Player.cpp
C:\Spic\Spick_Engine\Spick_Engine\Spick_Engine\API_Headers\BehaviourScript.hpp(11,55): warning C4275: non dll-interface class 'spic::Component' used as base for dll-interface class 'spic::BehaviourScript'
C:\Spic\Spick_Engine\Spick_Engine\Spick_Engine\API_Headers\Component.hpp(15): message : see declaration of 'spic::Component'
C:\Spic\Spick_Engine\Spick_Engine\Spick_Engine\API_Headers\BehaviourScript.hpp(11): message : see declaration of 'spic::BehaviourScript'
C:\Spic\Spick_Engine\Spick_Engine\Spick_Engine\API_Headers\GameObject.hpp(42,60): warning C4834: discarding return value of function with 'nodiscard' attribute
  The contents of <any> are available only with C++17 or later.
  The contents of <filesystem> are available only with C++17 or later.
  Spick_Game.cpp
C:\Spic\Spick_Engine\Spick_Engine\Spick_Engine\API_Headers\GameObject.hpp(42,60): warning C4834: discarding return value of function with 'nodiscard' attribute
C:\Spic\Spick_Engine\Spick_Engine\Spick_Engine\API_Headers\Camera.hpp(14,47): warning C4275: non dll-interface class 'spic::GameObject' used as base for dll-interface class 'spic::Camera'
C:\Spic\Spick_Engine\Spick_Engine\Spick_Engine\API_Headers\GameObject.hpp(17): message : see declaration of 'spic::GameObject'
C:\Spic\Spick_Engine\Spick_Engine\Spick_Engine\API_Headers\Camera.hpp(14): message : see declaration of 'spic::Camera'
C:\Spic\Spick_Engine\Spick_Engine\Spick_Engine\API_Headers\Camera.hpp(39,21): warning C4251: 'spic::Camera::name': class 'std::basic_string<char,std::char_traits<char>,std::allocator<char>>' needs to have dll-interface to be used by clients of class 'spic::Camera'
C:\Program Files (x86)\Microsoft Visual Studio\2019\Enterprise\VC\Tools\MSVC\14.29.30133\include\xstring(4905): message : see declaration of 'std::basic_string<char,std::char_traits<char>,std::allocator<char>>'
C:\Spic\Spick_Engine\Spick_Engine\Spick_Engine\API_Headers\Camera.hpp(40,15): warning C4251: 'spic::Camera::backgroundColor': class 'spic::Color' needs to have dll-interface to be used by clients of class 'spic::Camera'
C:\Spic\Spick_Engine\Spick_Engine\Spick_Engine\API_Headers\Color.hpp(11): message : see declaration of 'spic::Color'
C:\Spic\Spick_Engine\Spick_Engine\Spick_Engine\Facade_Headers\TiledFacade.hpp(14,125): error C2039: 'any': is not a member of 'std'
C:\Program Files (x86)\Microsoft Visual Studio\2019\Enterprise\VC\Tools\MSVC\14.29.30133\include\map(25): message : see declaration of 'std'
C:\Spic\Spick_Engine\Spick_Engine\Spick_Engine\Facade_Headers\TiledFacade.hpp(14,128): error C2065: 'any': undeclared identifier
C:\Spic\Spick_Engine\Spick_Engine\Spick_Engine\Facade_Headers\TiledFacade.hpp(14,102): error C2923: 'std::pair': 'any' is not a valid template type argument for parameter '_Ty2'
C:\Spic\Spick_Engine\Spick_Engine\Spick_Engine\Facade_Headers\TiledFacade.hpp(14): message : see declaration of 'any'
C:\Spic\Spick_Engine\Spick_Engine\Spick_Engine\Facade_Headers\TiledFacade.hpp(14,102): error C3203: 'pair': unspecialized class template can't be used as a template argument for template parameter '_Ty', expected a real type
C:\Spic\Spick_Engine\Spick_Engine\Spick_Engine\Facade_Headers\TiledFacade.hpp(14,149): error C3083: 'filesystem': the symbol to the left of a '::' must be a type
C:\Spic\Spick_Engine\Spick_Engine\Spick_Engine\Facade_Headers\TiledFacade.hpp(14,161): error C2039: 'path': is not a member of 'std'
C:\Program Files (x86)\Microsoft Visual Studio\2019\Enterprise\VC\Tools\MSVC\14.29.30133\include\map(25): message : see declaration of 'std'
C:\Spic\Spick_Engine\Spick_Engine\Spick_Engine\Facade_Headers\TiledFacade.hpp(14,165): error C4430: missing type specifier - int assumed. Note: C++ does not support default-int
C:\Spic\Spick_Engine\Spick_Engine\Spick_Engine\Facade_Headers\TiledFacade.hpp(14,165): error C2143: syntax error: missing ',' before '&'
C:\Spic\Spick_Engine\Spick_Engine\Spick_Engine\API_Headers\Engine.hpp(102,140): error C2039: 'any': is not a member of 'std'
C:\Program Files (x86)\Microsoft Visual Studio\2019\Enterprise\VC\Tools\MSVC\14.29.30133\include\map(25): message : see declaration of 'std'
C:\Spic\Spick_Engine\Spick_Engine\Spick_Engine\API_Headers\Engine.hpp(102,143): error C2065: 'any': undeclared identifier
C:\Spic\Spick_Engine\Spick_Engine\Spick_Engine\API_Headers\Engine.hpp(102,117): error C2923: 'std::pair': 'any' is not a valid template type argument for parameter '_Ty2'
C:\Spic\Spick_Engine\Spick_Engine\Spick_Engine\API_Headers\Engine.hpp(102): message : see declaration of 'any'
C:\Spic\Spick_Engine\Spick_Engine\Spick_Engine\API_Headers\Engine.hpp(102,117): error C3203: 'pair': unspecialized class template can't be used as a template argument for template parameter '_Ty', expected a real type
C:\Spic\Spick_Engine\Spick_Engine\Spick_Engine\API_Headers\Engine.hpp(102,168): error C3083: 'filesystem': the symbol to the left of a '::' must be a type
C:\Spic\Spick_Engine\Spick_Engine\Spick_Engine\API_Headers\Engine.hpp(102,180): error C2039: 'path': is not a member of 'std'
C:\Program Files (x86)\Microsoft Visual Studio\2019\Enterprise\VC\Tools\MSVC\14.29.30133\include\map(25): message : see declaration of 'std'
C:\Spic\Spick_Engine\Spick_Engine\Spick_Engine\API_Headers\Engine.hpp(102,184): error C4430: missing type specifier - int assumed. Note: C++ does not support default-int
C:\Spic\Spick_Engine\Spick_Engine\Spick_Engine\API_Headers\Engine.hpp(102,184): error C2143: syntax error: missing ',' before '&'
  ButtonBehaviour.cpp
C:\Spic\Spick_Engine\Spick_Engine\Spick_Engine\API_Headers\BehaviourScript.hpp(11,55): warning C4275: non dll-interface class 'spic::Component' used as base for dll-interface class 'spic::BehaviourScript'
C:\Spic\Spick_Engine\Spick_Engine\Spick_Engine\API_Headers\Component.hpp(15): message : see declaration of 'spic::Component'
C:\Spic\Spick_Engine\Spick_Engine\Spick_Engine\API_Headers\BehaviourScript.hpp(11): message : see declaration of 'spic::BehaviourScript'
C:\Spic\Spick_Engine\Spick_Engine\Spick_Engine\API_Headers\GameObject.hpp(42,60): warning C4834: discarding return value of function with 'nodiscard' attribute
  Player.cpp
C:\Spic\Spick_Engine\Spick_Engine\Spick_Engine\API_Headers\BehaviourScript.hpp(11,55): warning C4275: non dll-interface class 'spic::Component' used as base for dll-interface class 'spic::BehaviourScript'
C:\Spic\Spick_Engine\Spick_Engine\Spick_Engine\API_Headers\Component.hpp(15): message : see declaration of 'spic::Component'
C:\Spic\Spick_Engine\Spick_Engine\Spick_Engine\API_Headers\BehaviourScript.hpp(11): message : see declaration of 'spic::BehaviourScript'
C:\Spic\Spick_Engine\Spick_Engine\Spick_Engine\API_Headers\GameObject.hpp(42,60): warning C4834: discarding return value of function with 'nodiscard' attribute
  MainMenuBuilder.cpp
C:\Spic\Spick_Engine\Spick_Engine\Spick_Engine\API_Headers\GameObject.hpp(42,60): warning C4834: discarding return value of function with 'nodiscard' attribute
C:\Spic\Spick_Engine\Spick_Engine\Spick_Engine\API_Headers\Camera.hpp(14,47): warning C4275: non dll-interface class 'spic::GameObject' used as base for dll-interface class 'spic::Camera'
C:\Spic\Spick_Engine\Spick_Engine\Spick_Engine\API_Headers\GameObject.hpp(17): message : see declaration of 'spic::GameObject'
C:\Spic\Spick_Engine\Spick_Engine\Spick_Engine\API_Headers\Camera.hpp(14): message : see declaration of 'spic::Camera'
C:\Spic\Spick_Engine\Spick_Engine\Spick_Engine\API_Headers\Camera.hpp(39,21): warning C4251: 'spic::Camera::name': class 'std::basic_string<char,std::char_traits<char>,std::allocator<char>>' needs to have dll-interface to be used by clients of class 'spic::Camera'
C:\Program Files (x86)\Microsoft Visual Studio\2019\Enterprise\VC\Tools\MSVC\14.29.30133\include\xstring(4905): message : see declaration of 'std::basic_string<char,std::char_traits<char>,std::allocator<char>>'
C:\Spic\Spick_Engine\Spick_Engine\Spick_Engine\API_Headers\Camera.hpp(40,15): warning C4251: 'spic::Camera::backgroundColor': class 'spic::Color' needs to have dll-interface to be used by clients of class 'spic::Camera'
C:\Spic\Spick_Engine\Spick_Engine\Spick_Engine\API_Headers\Color.hpp(11): message : see declaration of 'spic::Color'
  The contents of <any> are available only with C++17 or later.
  The contents of <filesystem> are available only with C++17 or later.
C:\Spic\Spick_Engine\Spick_Engine\Spick_Engine\Facade_Headers\TiledFacade.hpp(14,125): error C2039: 'any': is not a member of 'std'
C:\Program Files (x86)\Microsoft Visual Studio\2019\Enterprise\VC\Tools\MSVC\14.29.30133\include\thread(32): message : see declaration of 'std'
C:\Spic\Spick_Engine\Spick_Engine\Spick_Engine\Facade_Headers\TiledFacade.hpp(14,128): error C2065: 'any': undeclared identifier
C:\Spic\Spick_Engine\Spick_Engine\Spick_Engine\Facade_Headers\TiledFacade.hpp(14,102): error C2923: 'std::pair': 'any' is not a valid template type argument for parameter '_Ty2'
C:\Spic\Spick_Engine\Spick_Engine\Spick_Engine\Facade_Headers\TiledFacade.hpp(14): message : see declaration of 'any'
C:\Spic\Spick_Engine\Spick_Engine\Spick_Engine\Facade_Headers\TiledFacade.hpp(14,102): error C3203: 'pair': unspecialized class template can't be used as a template argument for template parameter '_Ty', expected a real type
C:\Spic\Spick_Engine\Spick_Engine\Spick_Engine\Facade_Headers\TiledFacade.hpp(14,149): error C3083: 'filesystem': the symbol to the left of a '::' must be a type
C:\Spic\Spick_Engine\Spick_Engine\Spick_Engine\Facade_Headers\TiledFacade.hpp(14,161): error C2039: 'path': is not a member of 'std'
C:\Program Files (x86)\Microsoft Visual Studio\2019\Enterprise\VC\Tools\MSVC\14.29.30133\include\thread(32): message : see declaration of 'std'
C:\Spic\Spick_Engine\Spick_Engine\Spick_Engine\Facade_Headers\TiledFacade.hpp(14,165): error C4430: missing type specifier - int assumed. Note: C++ does not support default-int
C:\Spic\Spick_Engine\Spick_Engine\Spick_Engine\Facade_Headers\TiledFacade.hpp(14,165): error C2143: syntax error: missing ',' before '&'
C:\Spic\Spick_Engine\Spick_Engine\Spick_Engine\API_Headers\Engine.hpp(102,140): error C2039: 'any': is not a member of 'std'
C:\Program Files (x86)\Microsoft Visual Studio\2019\Enterprise\VC\Tools\MSVC\14.29.30133\include\thread(32): message : see declaration of 'std'
C:\Spic\Spick_Engine\Spick_Engine\Spick_Engine\API_Headers\Engine.hpp(102,143): error C2065: 'any': undeclared identifier
C:\Spic\Spick_Engine\Spick_Engine\Spick_Engine\API_Headers\Engine.hpp(102,117): error C2923: 'std::pair': 'any' is not a valid template type argument for parameter '_Ty2'
C:\Spic\Spick_Engine\Spick_Engine\Spick_Engine\API_Headers\Engine.hpp(102): message : see declaration of 'any'
C:\Spic\Spick_Engine\Spick_Engine\Spick_Engine\API_Headers\Engine.hpp(102,117): error C3203: 'pair': unspecialized class template can't be used as a template argument for template parameter '_Ty', expected a real type
C:\Spic\Spick_Engine\Spick_Engine\Spick_Engine\API_Headers\Engine.hpp(102,168): error C3083: 'filesystem': the symbol to the left of a '::' must be a type
C:\Spic\Spick_Engine\Spick_Engine\Spick_Engine\API_Headers\Engine.hpp(102,180): error C2039: 'path': is not a member of 'std'
C:\Program Files (x86)\Microsoft Visual Studio\2019\Enterprise\VC\Tools\MSVC\14.29.30133\include\thread(32): message : see declaration of 'std'
C:\Spic\Spick_Engine\Spick_Engine\Spick_Engine\API_Headers\Engine.hpp(102,184): error C4430: missing type specifier - int assumed. Note: C++ does not support default-int
C:\Spic\Spick_Engine\Spick_Engine\Spick_Engine\API_Headers\Engine.hpp(102,184): error C2143: syntax error: missing ',' before '&'
C:\Spic\Spick_Engine\Spick_Engine\Spick_Engine\API_Headers\Sprite.hpp(17,46): warning C4275: non dll-interface class 'spic::Component' used as base for dll-interface class 'spic::Sprite'
C:\Spic\Spick_Engine\Spick_Engine\Spick_Engine\API_Headers\Component.hpp(15): message : see declaration of 'spic::Component'
C:\Spic\Spick_Engine\Spick_Engine\Spick_Engine\API_Headers\Sprite.hpp(17): message : see declaration of 'spic::Sprite'
C:\Spic\Spick_Engine\Spick_Engine\Spick_Engine\API_Headers\Sprite.hpp(159,21): warning C4251: 'spic::Sprite::sprite': class 'std::basic_string<char,std::char_traits<char>,std::allocator<char>>' needs to have dll-interface to be used by clients of class 'spic::Sprite'
C:\Program Files (x86)\Microsoft Visual Studio\2019\Enterprise\VC\Tools\MSVC\14.29.30133\include\xstring(4905): message : see declaration of 'std::basic_string<char,std::char_traits<char>,std::allocator<char>>'
C:\Spic\Spick_Engine\Spick_Engine\Spick_Engine\API_Headers\Sprite.hpp(160,15): warning C4251: 'spic::Sprite::color': class 'spic::Color' needs to have dll-interface to be used by clients of class 'spic::Sprite'
C:\Spic\Spick_Engine\Spick_Engine\Spick_Engine\API_Headers\Color.hpp(11): message : see declaration of 'spic::Color'
C:\Spic\Spick_Engine\Spick_Engine\Spick_Engine\API_Headers\Sprite.hpp(172,44): warning C4251: 'spic::Sprite::imageFacade': class 'std::unique_ptr<spic::ImageFacade,std::default_delete<spic::ImageFacade>>' needs to have dll-interface to be used by clients of class 'spic::Sprite'
C:\Spic\Spick_Engine\Spick_Engine\Spick_Engine\API_Headers\Sprite.hpp(172): message : see declaration of 'std::unique_ptr<spic::ImageFacade,std::default_delete<spic::ImageFacade>>'
C:\Spic\Spick_Engine\Spick_Engine\Spick_Engine\API_Headers\BehaviourScript.hpp(11,55): warning C4275: non dll-interface class 'spic::Component' used as base for dll-interface class 'spic::BehaviourScript'
C:\Spic\Spick_Engine\Spick_Engine\Spick_Engine\API_Headers\Component.hpp(15): message : see declaration of 'spic::Component'
C:\Spic\Spick_Engine\Spick_Engine\Spick_Engine\API_Headers\BehaviourScript.hpp(11): message : see declaration of 'spic::BehaviourScript'
  PlaySceneBuilder.cpp
C:\Spic\Spick_Engine\Spick_Engine\Spick_Engine\API_Headers\GameObject.hpp(42,60): warning C4834: discarding return value of function with 'nodiscard' attribute
C:\Spic\Spick_Engine\Spick_Engine\Spick_Engine\API_Headers\Camera.hpp(14,47): warning C4275: non dll-interface class 'spic::GameObject' used as base for dll-interface class 'spic::Camera'
C:\Spic\Spick_Engine\Spick_Engine\Spick_Engine\API_Headers\GameObject.hpp(17): message : see declaration of 'spic::GameObject'
C:\Spic\Spick_Engine\Spick_Engine\Spick_Engine\API_Headers\Camera.hpp(14): message : see declaration of 'spic::Camera'
C:\Spic\Spick_Engine\Spick_Engine\Spick_Engine\API_Headers\Camera.hpp(39,21): warning C4251: 'spic::Camera::name': class 'std::basic_string<char,std::char_traits<char>,std::allocator<char>>' needs to have dll-interface to be used by clients of class 'spic::Camera'
C:\Program Files (x86)\Microsoft Visual Studio\2019\Enterprise\VC\Tools\MSVC\14.29.30133\include\xstring(4905): message : see declaration of 'std::basic_string<char,std::char_traits<char>,std::allocator<char>>'
C:\Spic\Spick_Engine\Spick_Engine\Spick_Engine\API_Headers\Camera.hpp(40,15): warning C4251: 'spic::Camera::backgroundColor': class 'spic::Color' needs to have dll-interface to be used by clients of class 'spic::Camera'
C:\Spic\Spick_Engine\Spick_Engine\Spick_Engine\API_Headers\Color.hpp(11): message : see declaration of 'spic::Color'
  The contents of <any> are available only with C++17 or later.
  The contents of <filesystem> are available only with C++17 or later.
C:\Spic\Spick_Engine\Spick_Engine\Spick_Engine\Facade_Headers\TiledFacade.hpp(14,125): error C2039: 'any': is not a member of 'std'
C:\Program Files (x86)\Microsoft Visual Studio\2019\Enterprise\VC\Tools\MSVC\14.29.30133\include\thread(32): message : see declaration of 'std'
C:\Spic\Spick_Engine\Spick_Engine\Spick_Engine\Facade_Headers\TiledFacade.hpp(14,128): error C2065: 'any': undeclared identifier
C:\Spic\Spick_Engine\Spick_Engine\Spick_Engine\Facade_Headers\TiledFacade.hpp(14,102): error C2923: 'std::pair': 'any' is not a valid template type argument for parameter '_Ty2'
C:\Spic\Spick_Engine\Spick_Engine\Spick_Engine\Facade_Headers\TiledFacade.hpp(14): message : see declaration of 'any'
C:\Spic\Spick_Engine\Spick_Engine\Spick_Engine\Facade_Headers\TiledFacade.hpp(14,102): error C3203: 'pair': unspecialized class template can't be used as a template argument for template parameter '_Ty', expected a real type
C:\Spic\Spick_Engine\Spick_Engine\Spick_Engine\Facade_Headers\TiledFacade.hpp(14,149): error C3083: 'filesystem': the symbol to the left of a '::' must be a type
C:\Spic\Spick_Engine\Spick_Engine\Spick_Engine\Facade_Headers\TiledFacade.hpp(14,161): error C2039: 'path': is not a member of 'std'
C:\Program Files (x86)\Microsoft Visual Studio\2019\Enterprise\VC\Tools\MSVC\14.29.30133\include\thread(32): message : see declaration of 'std'
C:\Spic\Spick_Engine\Spick_Engine\Spick_Engine\Facade_Headers\TiledFacade.hpp(14,165): error C4430: missing type specifier - int assumed. Note: C++ does not support default-int
C:\Spic\Spick_Engine\Spick_Engine\Spick_Engine\Facade_Headers\TiledFacade.hpp(14,165): error C2143: syntax error: missing ',' before '&'
C:\Spic\Spick_Engine\Spick_Engine\Spick_Engine\API_Headers\Engine.hpp(102,140): error C2039: 'any': is not a member of 'std'
C:\Program Files (x86)\Microsoft Visual Studio\2019\Enterprise\VC\Tools\MSVC\14.29.30133\include\thread(32): message : see declaration of 'std'
C:\Spic\Spick_Engine\Spick_Engine\Spick_Engine\API_Headers\Engine.hpp(102,143): error C2065: 'any': undeclared identifier
C:\Spic\Spick_Engine\Spick_Engine\Spick_Engine\API_Headers\Engine.hpp(102,117): error C2923: 'std::pair': 'any' is not a valid template type argument for parameter '_Ty2'
C:\Spic\Spick_Engine\Spick_Engine\Spick_Engine\API_Headers\Engine.hpp(102): message : see declaration of 'any'
C:\Spic\Spick_Engine\Spick_Engine\Spick_Engine\API_Headers\Engine.hpp(102,117): error C3203: 'pair': unspecialized class template can't be used as a template argument for template parameter '_Ty', expected a real type
C:\Spic\Spick_Engine\Spick_Engine\Spick_Engine\API_Headers\Engine.hpp(102,168): error C3083: 'filesystem': the symbol to the left of a '::' must be a type
C:\Spic\Spick_Engine\Spick_Engine\Spick_Engine\API_Headers\Engine.hpp(102,180): error C2039: 'path': is not a member of 'std'
C:\Program Files (x86)\Microsoft Visual Studio\2019\Enterprise\VC\Tools\MSVC\14.29.30133\include\thread(32): message : see declaration of 'std'
C:\Spic\Spick_Engine\Spick_Engine\Spick_Engine\API_Headers\Engine.hpp(102,184): error C4430: missing type specifier - int assumed. Note: C++ does not support default-int
C:\Spic\Spick_Engine\Spick_Engine\Spick_Engine\API_Headers\Engine.hpp(102,184): error C2143: syntax error: missing ',' before '&'
C:\Spic\Spick_Engine\Spick_Engine\Spick_Engine\API_Headers\Sprite.hpp(17,46): warning C4275: non dll-interface class 'spic::Component' used as base for dll-interface class 'spic::Sprite'
C:\Spic\Spick_Engine\Spick_Engine\Spick_Engine\API_Headers\Component.hpp(15): message : see declaration of 'spic::Component'
C:\Spic\Spick_Engine\Spick_Engine\Spick_Engine\API_Headers\Sprite.hpp(17): message : see declaration of 'spic::Sprite'
C:\Spic\Spick_Engine\Spick_Engine\Spick_Engine\API_Headers\Sprite.hpp(159,21): warning C4251: 'spic::Sprite::sprite': class 'std::basic_string<char,std::char_traits<char>,std::allocator<char>>' needs to have dll-interface to be used by clients of class 'spic::Sprite'
C:\Program Files (x86)\Microsoft Visual Studio\2019\Enterprise\VC\Tools\MSVC\14.29.30133\include\xstring(4905): message : see declaration of 'std::basic_string<char,std::char_traits<char>,std::allocator<char>>'
C:\Spic\Spick_Engine\Spick_Engine\Spick_Engine\API_Headers\Sprite.hpp(160,15): warning C4251: 'spic::Sprite::color': class 'spic::Color' needs to have dll-interface to be used by clients of class 'spic::Sprite'
C:\Spic\Spick_Engine\Spick_Engine\Spick_Engine\API_Headers\Color.hpp(11): message : see declaration of 'spic::Color'
C:\Spic\Spick_Engine\Spick_Engine\Spick_Engine\API_Headers\Sprite.hpp(172,44): warning C4251: 'spic::Sprite::imageFacade': class 'std::unique_ptr<spic::ImageFacade,std::default_delete<spic::ImageFacade>>' needs to have dll-interface to be used by clients of class 'spic::Sprite'
C:\Spic\Spick_Engine\Spick_Engine\Spick_Engine\API_Headers\Sprite.hpp(172): message : see declaration of 'std::unique_ptr<spic::ImageFacade,std::default_delete<spic::ImageFacade>>'
C:\Spic\Spick_Engine\Spick_Engine\Spick_Engine\API_Headers\BehaviourScript.hpp(11,55): warning C4275: non dll-interface class 'spic::Component' used as base for dll-interface class 'spic::BehaviourScript'
C:\Spic\Spick_Engine\Spick_Engine\Spick_Engine\API_Headers\Component.hpp(15): message : see declaration of 'spic::Component'
C:\Spic\Spick_Engine\Spick_Engine\Spick_Engine\API_Headers\BehaviourScript.hpp(11): message : see declaration of 'spic::BehaviourScript'
  Spick_Game.cpp
C:\Spic\Spick_Engine\Spick_Engine\Spick_Engine\API_Headers\GameObject.hpp(42,60): warning C4834: discarding return value of function with 'nodiscard' attribute
C:\Spic\Spick_Engine\Spick_Engine\Spick_Engine\API_Headers\Camera.hpp(14,47): warning C4275: non dll-interface class 'spic::GameObject' used as base for dll-interface class 'spic::Camera'
C:\Spic\Spick_Engine\Spick_Engine\Spick_Engine\API_Headers\GameObject.hpp(17): message : see declaration of 'spic::GameObject'
C:\Spic\Spick_Engine\Spick_Engine\Spick_Engine\API_Headers\Camera.hpp(14): message : see declaration of 'spic::Camera'
C:\Spic\Spick_Engine\Spick_Engine\Spick_Engine\API_Headers\Camera.hpp(39,21): warning C4251: 'spic::Camera::name': class 'std::basic_string<char,std::char_traits<char>,std::allocator<char>>' needs to have dll-interface to be used by clients of class 'spic::Camera'
C:\Program Files (x86)\Microsoft Visual Studio\2019\Enterprise\VC\Tools\MSVC\14.29.30133\include\xstring(4905): message : see declaration of 'std::basic_string<char,std::char_traits<char>,std::allocator<char>>'
C:\Spic\Spick_Engine\Spick_Engine\Spick_Engine\API_Headers\Camera.hpp(40,15): warning C4251: 'spic::Camera::backgroundColor': class 'spic::Color' needs to have dll-interface to be used by clients of class 'spic::Camera'
C:\Spic\Spick_Engine\Spick_Engine\Spick_Engine\API_Headers\Color.hpp(11): message : see declaration of 'spic::Color'
  The contents of <any> are available only with C++17 or later.
  The contents of <filesystem> are available only with C++17 or later.
C:\Spic\Spick_Engine\Spick_Engine\Spick_Engine\Facade_Headers\TiledFacade.hpp(14,125): error C2039: 'any': is not a member of 'std'
C:\Program Files (x86)\Microsoft Visual Studio\2019\Enterprise\VC\Tools\MSVC\14.29.30133\include\thread(32): message : see declaration of 'std'
C:\Spic\Spick_Engine\Spick_Engine\Spick_Engine\Facade_Headers\TiledFacade.hpp(14,128): error C2065: 'any': undeclared identifier
C:\Spic\Spick_Engine\Spick_Engine\Spick_Engine\Facade_Headers\TiledFacade.hpp(14,102): error C2923: 'std::pair': 'any' is not a valid template type argument for parameter '_Ty2'
C:\Spic\Spick_Engine\Spick_Engine\Spick_Engine\Facade_Headers\TiledFacade.hpp(14): message : see declaration of 'any'
C:\Spic\Spick_Engine\Spick_Engine\Spick_Engine\Facade_Headers\TiledFacade.hpp(14,102): error C3203: 'pair': unspecialized class template can't be used as a template argument for template parameter '_Ty', expected a real type
C:\Spic\Spick_Engine\Spick_Engine\Spick_Engine\Facade_Headers\TiledFacade.hpp(14,149): error C3083: 'filesystem': the symbol to the left of a '::' must be a type
C:\Spic\Spick_Engine\Spick_Engine\Spick_Engine\Facade_Headers\TiledFacade.hpp(14,161): error C2039: 'path': is not a member of 'std'
C:\Program Files (x86)\Microsoft Visual Studio\2019\Enterprise\VC\Tools\MSVC\14.29.30133\include\thread(32): message : see declaration of 'std'
C:\Spic\Spick_Engine\Spick_Engine\Spick_Engine\Facade_Headers\TiledFacade.hpp(14,165): error C4430: missing type specifier - int assumed. Note: C++ does not support default-int
C:\Spic\Spick_Engine\Spick_Engine\Spick_Engine\Facade_Headers\TiledFacade.hpp(14,165): error C2143: syntax error: missing ',' before '&'
C:\Spic\Spick_Engine\Spick_Engine\Spick_Engine\API_Headers\Engine.hpp(102,140): error C2039: 'any': is not a member of 'std'
C:\Program Files (x86)\Microsoft Visual Studio\2019\Enterprise\VC\Tools\MSVC\14.29.30133\include\thread(32): message : see declaration of 'std'
C:\Spic\Spick_Engine\Spick_Engine\Spick_Engine\API_Headers\Engine.hpp(102,143): error C2065: 'any': undeclared identifier
C:\Spic\Spick_Engine\Spick_Engine\Spick_Engine\API_Headers\Engine.hpp(102,117): error C2923: 'std::pair': 'any' is not a valid template type argument for parameter '_Ty2'
C:\Spic\Spick_Engine\Spick_Engine\Spick_Engine\API_Headers\Engine.hpp(102): message : see declaration of 'any'
C:\Spic\Spick_Engine\Spick_Engine\Spick_Engine\API_Headers\Engine.hpp(102,117): error C3203: 'pair': unspecialized class template can't be used as a template argument for template parameter '_Ty', expected a real type
C:\Spic\Spick_Engine\Spick_Engine\Spick_Engine\API_Headers\Engine.hpp(102,168): error C3083: 'filesystem': the symbol to the left of a '::' must be a type
C:\Spic\Spick_Engine\Spick_Engine\Spick_Engine\API_Headers\Engine.hpp(102,180): error C2039: 'path': is not a member of 'std'
C:\Program Files (x86)\Microsoft Visual Studio\2019\Enterprise\VC\Tools\MSVC\14.29.30133\include\thread(32): message : see declaration of 'std'
C:\Spic\Spick_Engine\Spick_Engine\Spick_Engine\API_Headers\Engine.hpp(102,184): error C4430: missing type specifier - int assumed. Note: C++ does not support default-int
C:\Spic\Spick_Engine\Spick_Engine\Spick_Engine\API_Headers\Engine.hpp(102,184): error C2143: syntax error: missing ',' before '&'
C:\Program Files (x86)\Microsoft Visual Studio\2019\Community\VC\Tools\MSVC\14.29.30037\include\xstring(4905): message : see declaration of 'std::basic_string<char,std::char_traits<char>,std::allocator<char>>'
C:\Spic\Spick_Engine\Spick_Engine\Spick_Engine\API_Headers\Camera.hpp(40,15): warning C4251: 'spic::Camera::backgroundColor': class 'spic::Color' needs to have dll-interface to be used by clients of class 'spic::Camera'
C:\Spic\Spick_Engine\Spick_Engine\Spick_Engine\API_Headers\Color.hpp(11): message : see declaration of 'spic::Color'
C:\Spic\Spick_Engine\Spick_Engine\Spick_Engine\API_Headers\Sprite.hpp(17,46): warning C4275: non dll-interface class 'spic::Component' used as base for dll-interface class 'spic::Sprite'
C:\Spic\Spick_Engine\Spick_Engine\Spick_Engine\API_Headers\Component.hpp(15): message : see declaration of 'spic::Component'
C:\Spic\Spick_Engine\Spick_Engine\Spick_Engine\API_Headers\Sprite.hpp(17): message : see declaration of 'spic::Sprite'
C:\Spic\Spick_Engine\Spick_Engine\Spick_Engine\API_Headers\Sprite.hpp(159,21): warning C4251: 'spic::Sprite::sprite': class 'std::basic_string<char,std::char_traits<char>,std::allocator<char>>' needs to have dll-interface to be used by clients of class 'spic::Sprite'
C:\Program Files (x86)\Microsoft Visual Studio\2019\Enterprise\VC\Tools\MSVC\14.29.30133\include\xstring(4905): message : see declaration of 'std::basic_string<char,std::char_traits<char>,std::allocator<char>>'
C:\Program Files (x86)\Microsoft Visual Studio\2019\Community\VC\Tools\MSVC\14.29.30037\include\xstring(4905): message : see declaration of 'std::basic_string<char,std::char_traits<char>,std::allocator<char>>'
C:\Spic\Spick_Engine\Spick_Engine\Spick_Engine\API_Headers\Sprite.hpp(160,15): warning C4251: 'spic::Sprite::color': class 'spic::Color' needs to have dll-interface to be used by clients of class 'spic::Sprite'
C:\Spic\Spick_Engine\Spick_Engine\Spick_Engine\API_Headers\Color.hpp(11): message : see declaration of 'spic::Color'
C:\Spic\Spick_Engine\Spick_Engine\Spick_Engine\API_Headers\Sprite.hpp(172,44): warning C4251: 'spic::Sprite::imageFacade': class 'std::unique_ptr<spic::ImageFacade,std::default_delete<spic::ImageFacade>>' needs to have dll-interface to be used by clients of class 'spic::Sprite'
C:\Spic\Spick_Engine\Spick_Engine\Spick_Engine\API_Headers\Sprite.hpp(172): message : see declaration of 'std::unique_ptr<spic::ImageFacade,std::default_delete<spic::ImageFacade>>'
C:\Spic\Spick_Engine\Spick_Engine\Spick_Engine\API_Headers\BehaviourScript.hpp(11,55): warning C4275: non dll-interface class 'spic::Component' used as base for dll-interface class 'spic::BehaviourScript'
C:\Spic\Spick_Engine\Spick_Engine\Spick_Engine\API_Headers\Component.hpp(15): message : see declaration of 'spic::Component'
C:\Spic\Spick_Engine\Spick_Engine\Spick_Engine\API_Headers\BehaviourScript.hpp(11): message : see declaration of 'spic::BehaviourScript'
  TextTest.cpp
C:\Spic\Spick_Engine\Spick_Engine\Spick_Engine\API_Headers\GameObject.hpp(42,60): warning C4834: discarding return value of function with 'nodiscard' attribute
C:\Spic\Spick_Engine\Spick_Engine\Spick_Engine\API_Headers\Camera.hpp(14,47): warning C4275: non dll-interface class 'spic::GameObject' used as base for dll-interface class 'spic::Camera'
C:\Spic\Spick_Engine\Spick_Engine\Spick_Engine\API_Headers\GameObject.hpp(17): message : see declaration of 'spic::GameObject'
C:\Spic\Spick_Engine\Spick_Engine\Spick_Engine\API_Headers\Camera.hpp(14): message : see declaration of 'spic::Camera'
C:\Spic\Spick_Engine\Spick_Engine\Spick_Engine\API_Headers\Camera.hpp(39,21): warning C4251: 'spic::Camera::name': class 'std::basic_string<char,std::char_traits<char>,std::allocator<char>>' needs to have dll-interface to be used by clients of class 'spic::Camera'
C:\Program Files (x86)\Microsoft Visual Studio\2019\Enterprise\VC\Tools\MSVC\14.29.30133\include\xstring(4905): message : see declaration of 'std::basic_string<char,std::char_traits<char>,std::allocator<char>>'
C:\Spic\Spick_Engine\Spick_Engine\Spick_Engine\API_Headers\Camera.hpp(40,15): warning C4251: 'spic::Camera::backgroundColor': class 'spic::Color' needs to have dll-interface to be used by clients of class 'spic::Camera'
C:\Spic\Spick_Engine\Spick_Engine\Spick_Engine\API_Headers\Color.hpp(11): message : see declaration of 'spic::Color'
  Generating Code...
  Generating Code...
     Creating library C:\Spic\Spick_Game\Spick_Game\Debug\Spick_Game.lib and object C:\Spic\Spick_Game\Spick_Game\Debug\Spick_Game.exp
  Spick_Game.vcxproj -> C:\Spic\Spick_Game\Spick_Game\Debug\Spick_Game.exe
